{
  "stats": {
    "suites": 1,
    "tests": 2,
    "passes": 2,
    "pending": 0,
    "failures": 0,
    "start": "2025-06-21T05:01:38.304Z",
    "end": "2025-06-21T05:02:07.433Z",
    "duration": 29129,
    "testsRegistered": 2,
    "passPercent": 100,
    "pendingPercent": 0,
    "other": 0,
    "hasOther": false,
    "skipped": 0,
    "hasSkipped": false
  },
  "results": [
    {
      "uuid": "589ff723-608d-455c-a619-933399cfd36e",
      "title": "",
      "fullFile": "C:\\Users\\IRMA SURYANI\\Desktop\\MOCHA\\tests\\irma_tugas_sesi9\\tugas_sesi9.js",
      "file": "\\tests\\irma_tugas_sesi9\\tugas_sesi9.js",
      "beforeHooks": [],
      "afterHooks": [],
      "tests": [],
      "suites": [
        {
          "uuid": "74e1e140-125a-439d-9837-915a6bd78a1b",
          "title": "Pengujian Fitur SauceDemo",
          "fullFile": "C:\\Users\\IRMA SURYANI\\Desktop\\MOCHA\\tests\\irma_tugas_sesi9\\tugas_sesi9.js",
          "file": "\\tests\\irma_tugas_sesi9\\tugas_sesi9.js",
          "beforeHooks": [],
          "afterHooks": [],
          "tests": [
            {
              "title": "Login berhasil",
              "fullTitle": "Pengujian Fitur SauceDemo Login berhasil",
              "timedOut": false,
              "duration": 12631,
              "state": "passed",
              "speed": "slow",
              "pass": true,
              "fail": false,
              "pending": false,
              "context": null,
              "code": "const driver = await new Builder().forBrowser('chrome').build();\nawait driver.manage().window().maximize();\nconsole.log('Buka halaman saucedemo');\nawait driver.get('https://www.saucedemo.com/');\nconsole.log('Masukkan username dan password');\nconst input_username = await driver.findElement(By.xpath('//*[@id=\"user-name\"]'));\nconst input_password = await driver.findElement(By.xpath('//*[@id=\"password\"]'));\nconst button_login = await driver.findElement(By.xpath('//*[@id=\"login-button\"]'));\nawait input_username.sendKeys('standard_user');\nawait sleep(1000);\nawait input_password.sendKeys('secret_sauce');\nawait sleep(1000);\nconsole.log('Klik tombol login');\nawait button_login.click();\nawait sleep(3000);\nconsole.log('Validasi URL setelah login');\nconst urlSekarang = await driver.getCurrentUrl();\nassert.strictEqual(urlSekarang, 'https://www.saucedemo.com/inventory.html', 'Tidak masuk ke halaman inventory setelah login!');\nconsole.log('Berhasil masuk ke halaman inventory.');\nawait driver.quit();",
              "err": {},
              "uuid": "b94a4a1d-c7c2-4a59-9d1f-67fb7b26e472",
              "parentUUID": "74e1e140-125a-439d-9837-915a6bd78a1b",
              "isHook": false,
              "skipped": false
            },
            {
              "title": "Sortir produk dari Z ke A",
              "fullTitle": "Pengujian Fitur SauceDemo Sortir produk dari Z ke A",
              "timedOut": false,
              "duration": 16475,
              "state": "passed",
              "speed": "slow",
              "pass": true,
              "fail": false,
              "pending": false,
              "context": null,
              "code": "const driver = await new Builder().forBrowser('chrome').build();\nawait driver.manage().window().maximize();\nconsole.log('Buka halaman saucedemo');\nawait driver.get('https://www.saucedemo.com/');\nconsole.log('Masukkan username dan password');\nconst input_username = await driver.findElement(By.xpath('//*[@id=\"user-name\"]'));\nconst input_password = await driver.findElement(By.xpath('//*[@id=\"password\"]'));\nconst button_login = await driver.findElement(By.xpath('//*[@id=\"login-button\"]'));\nawait input_username.sendKeys('standard_user');\nawait sleep(1000);\nawait input_password.sendKeys('secret_sauce');\nawait sleep(1000);\nconsole.log('Klik tombol login');\nawait button_login.click();\nawait sleep(3000);\nconsole.log('Validasi URL setelah login');\nconst urlSekarang = await driver.getCurrentUrl();\nassert.strictEqual(urlSekarang, 'https://www.saucedemo.com/inventory.html', 'Tidak masuk ke halaman inventory setelah login!');\nconsole.log('Sortir produk dari Z ke A');\nconst dropdown = await driver.findElement(By.className('product_sort_container'));\nawait dropdown.click();\nawait sleep(1000);\nconst pilih_ZA = await driver.findElement(By.xpath('//*[@id=\"header_container\"]/div[2]/div/span/select/option[2]'));\nawait pilih_ZA.click();\nawait sleep(2000);\nconsole.log('Sortir produk berhasil dilakukan.');\nawait driver.quit();",
              "err": {},
              "uuid": "8e64f36b-fde5-4a18-a269-28a57129b5f0",
              "parentUUID": "74e1e140-125a-439d-9837-915a6bd78a1b",
              "isHook": false,
              "skipped": false
            }
          ],
          "suites": [],
          "passes": [
            "b94a4a1d-c7c2-4a59-9d1f-67fb7b26e472",
            "8e64f36b-fde5-4a18-a269-28a57129b5f0"
          ],
          "failures": [],
          "pending": [],
          "skipped": [],
          "duration": 29106,
          "root": false,
          "rootEmpty": false,
          "_timeout": 60000
        }
      ],
      "passes": [],
      "failures": [],
      "pending": [],
      "skipped": [],
      "duration": 0,
      "root": true,
      "rootEmpty": true,
      "_timeout": 60000
    }
  ],
  "meta": {
    "mocha": {
      "version": "10.8.2"
    },
    "mochawesome": {
      "options": {
        "quiet": false,
        "reportFilename": "mochawesome",
        "saveHtml": true,
        "saveJson": true,
        "consoleReporter": "spec",
        "useInlineDiffs": false,
        "code": true
      },
      "version": "7.1.3"
    },
    "marge": {
      "options": null,
      "version": "6.2.0"
    }
  }
}