{
  "stats": {
    "suites": 2,
    "tests": 2,
    "passes": 2,
    "pending": 0,
    "failures": 0,
    "start": "2025-06-20T09:55:27.344Z",
    "end": "2025-06-20T09:55:57.640Z",
    "duration": 30296,
    "testsRegistered": 2,
    "passPercent": 100,
    "pendingPercent": 0,
    "other": 0,
    "hasOther": false,
    "skipped": 0,
    "hasSkipped": false
  },
  "results": [
    {
      "uuid": "46b7628c-8e79-4e6f-b5ef-1a25ea34466f",
      "title": "",
      "fullFile": "",
      "file": "",
      "beforeHooks": [],
      "afterHooks": [],
      "tests": [],
      "suites": [
        {
          "uuid": "94d50f16-f460-4e89-97a5-aa7548e5f911",
          "title": "Sukses login",
          "fullFile": "C:\\Users\\IRMA SURYANI\\Desktop\\MOCHA\\tests\\irma_tugas_sesi9\\login_test.js",
          "file": "\\tests\\irma_tugas_sesi9\\login_test.js",
          "beforeHooks": [],
          "afterHooks": [],
          "tests": [
            {
              "title": "Kunjungi halaman web saucedemo",
              "fullTitle": "Sukses login Kunjungi halaman web saucedemo",
              "timedOut": false,
              "duration": 11975,
              "state": "passed",
              "speed": "slow",
              "pass": true,
              "fail": false,
              "pending": false,
              "context": null,
              "code": "driver = await new Builder().forBrowser('chrome').build();\nawait driver.manage().window().maximize();\nconsole.log('Buka halaman saucedemo');\nawait driver.get('https://www.saucedemo.com/');\n\n    //  input username dan password\n    let input_username = await driver.findElement(By.xpath('//*[@id=\"user-name\"]'));\n    let input_password = await driver.findElement(By.xpath('//*[@id=\"password\"]'));\n    let button_login = await driver.findElement(By.xpath('//*[@id=\"login-button\"]'));\n\n    console.log('Masukkan username dan password');\n    await input_username.sendKeys('standard_user');\n    await sleep(1000);\n    await input_password.sendKeys('secret_sauce');\n    await sleep(1000);\n\n    // validitas button login\n    console.log('Memeriksa tombol login');\n    let apakahButtonTerlihat = await button_login.isDisplayed();\n    assert.strictEqual(apakahButtonTerlihat, true, 'Tombol login tiak terlihat!');\n    console.log('Tombol login terlihat.');\n\n    // klik button login\n    await button_login.click();\n    console.log('Berhasil login')\n    await sleep(3000);\n\n    //validasi URL setelah login    \n    let urlSekarang = await driver.getCurrentUrl();\n    assert.strictEqual(urlSekarang, 'https://www.saucedemo.com/inventory.html', 'Tidak masuk ke halaman inventory setelah login!');\n    console.log('Berhasil masuk ke halaman inventory.');\n    await driver.quit();",
              "err": {},
              "uuid": "d9010baf-981d-49f3-8880-2fd99d33d5c1",
              "parentUUID": "94d50f16-f460-4e89-97a5-aa7548e5f911",
              "isHook": false,
              "skipped": false
            }
          ],
          "suites": [],
          "passes": [
            "d9010baf-981d-49f3-8880-2fd99d33d5c1"
          ],
          "failures": [],
          "pending": [],
          "skipped": [],
          "duration": 11975,
          "root": false,
          "rootEmpty": false,
          "_timeout": 60000
        },
        {
          "uuid": "5f5ee24c-166d-403e-91f5-57c59db6b73d",
          "title": "Sortir Produk Z to A",
          "fullFile": "C:\\Users\\IRMA SURYANI\\Desktop\\MOCHA\\tests\\irma_tugas_sesi9\\sort_produk.js",
          "file": "\\tests\\irma_tugas_sesi9\\sort_produk.js",
          "beforeHooks": [],
          "afterHooks": [],
          "tests": [
            {
              "title": "Coba fitur sortir produk saucedemo",
              "fullTitle": "Sortir Produk Z to A Coba fitur sortir produk saucedemo",
              "timedOut": false,
              "duration": 18310,
              "state": "passed",
              "speed": "slow",
              "pass": true,
              "fail": false,
              "pending": false,
              "context": null,
              "code": "driver = await new Builder().forBrowser('chrome').build();\nawait driver.manage().window().maximize();\nconsole.log('Buka halaman saucedemo');\nawait driver.get('https://www.saucedemo.com/');\n\n//  input username dan password\nlet input_username = await driver.findElement(By.xpath('//*[@id=\"user-name\"]'));\nlet input_password = await driver.findElement(By.xpath('//*[@id=\"password\"]'));\nlet button_login = await driver.findElement(By.xpath('//*[@id=\"login-button\"]'));\nconsole.log('Masukkan username dan password');\nawait input_username.sendKeys('standard_user');\nawait sleep(1000);\nawait input_password.sendKeys('secret_sauce');\nawait sleep(1000);\n\n// klik button login\nawait button_login.click();\nconsole.log('Berhasil login')\nawait sleep(3000);\n//validasi URL setelah login    \nlet urlSekarang = await driver.getCurrentUrl();\nassert.strictEqual(urlSekarang, 'https://www.saucedemo.com/inventory.html', 'Tidak masuk ke halaman inventory setelah login!');\nconsole.log('Berhasil masuk ke halaman inventory.');\n\n// sortir produk Z to A\nlet dropdown = await driver.findElement(By.className('product_sort_container'));\nawait dropdown.click();\nawait sleep(1000);\nlet pilih_ZA = await driver.findElement(By.xpath('//*[@id=\"header_container\"]/div[2]/div/span/select/option[2]'));\nawait pilih_ZA.click();\nawait sleep(2000);\nawait driver.quit();",
              "err": {},
              "uuid": "dae293d1-cd32-4d8c-a69a-4d0f49474209",
              "parentUUID": "5f5ee24c-166d-403e-91f5-57c59db6b73d",
              "isHook": false,
              "skipped": false
            }
          ],
          "suites": [],
          "passes": [
            "dae293d1-cd32-4d8c-a69a-4d0f49474209"
          ],
          "failures": [],
          "pending": [],
          "skipped": [],
          "duration": 18310,
          "root": false,
          "rootEmpty": false,
          "_timeout": 60000
        }
      ],
      "passes": [],
      "failures": [],
      "pending": [],
      "skipped": [],
      "duration": 0,
      "root": true,
      "rootEmpty": true,
      "_timeout": 60000
    }
  ],
  "meta": {
    "mocha": {
      "version": "10.8.2"
    },
    "mochawesome": {
      "options": {
        "quiet": false,
        "reportFilename": "mochawesome",
        "saveHtml": true,
        "saveJson": true,
        "consoleReporter": "spec",
        "useInlineDiffs": false,
        "code": true
      },
      "version": "7.1.3"
    },
    "marge": {
      "options": null,
      "version": "6.2.0"
    }
  }
}